This is pdfTeX, Version 3.1415926-2.4-1.40.13 (MiKTeX 2.9 64-bit) (preloaded format=latex 2014.3.7)  23 MAR 2015 17:16
entering extended mode
**thesisskel.tex
(D:\THESIS\thesisskel\thesisskel\thesisskel.tex
LaTeX2e <2011/06/27>
Babel <v3.8m> and hyphenation patterns for english, afrikaans, ancientgreek, ar
abic, armenian, assamese, basque, bengali, bokmal, bulgarian, catalan, coptic, 
croatian, czech, danish, dutch, esperanto, estonian, farsi, finnish, french, ga
lician, german, german-x-2012-05-30, greek, gujarati, hindi, hungarian, iceland
ic, indonesian, interlingua, irish, italian, kannada, kurmanji, latin, latvian,
 lithuanian, malayalam, marathi, mongolian, mongolianlmc, monogreek, ngerman, n
german-x-2012-05-30, nynorsk, oriya, panjabi, pinyin, polish, portuguese, roman
ian, russian, sanskrit, serbian, slovak, slovenian, spanish, swedish, swissgerm
an, tamil, telugu, turkish, turkmen, ukenglish, ukrainian, uppersorbian, usengl
ishmax, welsh, loaded.
("C:\Program Files\MiKTeX 2.9\tex\latex\base\latex209.def"
File: latex209.def 1998/05/13 v0.52 Standard LaTeX file


          Entering LaTeX 2.09 COMPATIBILITY MODE
 *************************************************************
    !!WARNING!!    !!WARNING!!    !!WARNING!!    !!WARNING!!   
 
 This mode attempts to provide an emulation of the LaTeX 2.09
 author environment so that OLD documents can be successfully
 processed. It should NOT be used for NEW documents!
 
 New documents should use Standard LaTeX conventions and start
 with the \documentclass command.
 
 Compatibility mode is UNLIKELY TO WORK with LaTeX 2.09 style
 files that change any internal macros, especially not with
 those that change the FONT SELECTION or OUTPUT ROUTINES.
 
 Therefore such style files MUST BE UPDATED to use
          Current Standard LaTeX: LaTeX2e.
 If you suspect that you may be using such a style file, which
 is probably very, very old by now, then you should attempt to
 get it updated by sending a copy of this error message to the
 author of that file.
 *************************************************************

\footheight=\dimen102
\@maxsep=\dimen103
\@dblmaxsep=\dimen104
\@cla=\count79
\@clb=\count80
\mscount=\count81
("C:\Program Files\MiKTeX 2.9\tex\latex\base\tracefnt.sty"
Package: tracefnt 1997/05/29 v3.0j Standard LaTeX package (font tracing)
\tracingfonts=\count82
LaTeX Info: Redefining \selectfont on input line 101.
)
\symbold=\mathgroup4
\symsans=\mathgroup5
\symtypewriter=\mathgroup6
\symitalic=\mathgroup7
\symsmallcaps=\mathgroup8
\symslanted=\mathgroup9
LaTeX Font Info:    Redeclaring math alphabet \mathbf on input line 293.
LaTeX Font Info:    Redeclaring math alphabet \mathsf on input line 294.
LaTeX Font Info:    Redeclaring math alphabet \mathtt on input line 295.
LaTeX Font Info:    Redeclaring math alphabet \mathit on input line 301.
LaTeX Info: Redefining \em on input line 311.

("C:\Program Files\MiKTeX 2.9\tex\latex\base\latexsym.sty"
Package: latexsym 1998/08/17 v2.2e Standard LaTeX package (lasy symbols)
\symlasy=\mathgroup10
LaTeX Font Info:    Overwriting symbol font `lasy' in version `bold'
(Font)                  U/lasy/m/n --> U/lasy/b/n on input line 47.
)
LaTeX Font Info:    Redeclaring math delimiter \lgroup on input line 375.
LaTeX Font Info:    Redeclaring math delimiter \rgroup on input line 377.
LaTeX Font Info:    Redeclaring math delimiter \bracevert on input line 379.
)
Compatibility mode: loading poly3.sty rather than poly3.cls.

(D:\THESIS\thesisskel\thesisskel\poly3.sty
Document Style 'eethesis', version 1.0, Released 16 May 1986
(D:\THESIS\thesisskel\thesisskel\eecommands.sty)
\descriptionmargin=\dimen105
\c@subequation=\count83
\c@part=\count84
\c@chapter=\count85
\c@section=\count86
\c@subsection=\count87
\c@subsubsection=\count88
\c@paragraph=\count89
\c@subparagraph=\count90
\c@figure=\count91
\c@table=\count92
)
("C:\Program Files\MiKTeX 2.9\tex\latex\eepic\epic.sty"
Enhancements to Picture Environment. Version 1.2 - Released June 1, 1986
\@@multicnt=\count93
\d@lta=\count94
\@delta=\dimen106
\@@delta=\dimen107
\@gridcnt=\count95
\@joinkind=\count96
\@dotgap=\dimen108
\@ddotgap=\dimen109
\@x@diff=\count97
\@y@diff=\count98
\x@diff=\dimen110
\y@diff=\dimen111
\@dotbox=\box26
\num@segments=\count99
\num@segmentsi=\count100
\@datafile=\read1
) ("C:\Program Files\MiKTeX 2.9\tex\latex\eepic\eepic.sty"
Extension to Epic and LaTeX. Version 1.1e - Released Dec 21, 1999
\@gphlinewidth=\count101
\@eepictcnt=\count102
\@tempdimc=\dimen112
\maxovaldiam=\dimen113
\@filltype=\box27
) ("C:\Program Files\MiKTeX 2.9\tex\latex\graphics\graphics.sty"
Package: graphics 2009/02/05 v1.0o Standard LaTeX Graphics (DPC,SPQR)

("C:\Program Files\MiKTeX 2.9\tex\latex\graphics\trig.sty"
Package: trig 1999/03/16 v1.09 sin cos tan (DPC)
)
("C:\Program Files\MiKTeX 2.9\tex\latex\00miktex\graphics.cfg"
File: graphics.cfg 2007/01/18 v1.5 graphics configuration of teTeX/TeXLive
)
Package graphics Info: Driver file: dvips.def on input line 91.

("C:\Program Files\MiKTeX 2.9\tex\latex\graphics\dvips.def"
File: dvips.def 1999/02/16 v3.0i Driver-dependant file (DPC,SPQR)
))
("C:\Program Files\MiKTeX 2.9\tex\generic\epsf\epsf.tex"
This is `epsf.tex' v2.7.4 <14 February 2011>
\epsffilein=\read2
\epsfframemargin=\dimen114
\epsfframethickness=\dimen115
\epsfrsize=\dimen116
\epsftmp=\dimen117
\epsftsize=\dimen118
\epsfxsize=\dimen119
\epsfysize=\dimen120
\pspoints=\dimen121
)
\c@theorem=\count103
\c@definition=\count104
\c@lemma=\count105
\c@remark=\count106
\c@example=\count107
\c@assumption=\count108
 (D:\THESIS\thesisskel\thesisskel\thesisskel.aux
(D:\THESIS\thesisskel\thesisskel\publications.aux)
(D:\THESIS\thesisskel\thesisskel\acknowledgements.aux)
(D:\THESIS\thesisskel\thesisskel\abstract.aux)
(D:\THESIS\thesisskel\thesisskel\chap1.aux)
(D:\THESIS\thesisskel\thesisskel\chap2.aux)
(D:\THESIS\thesisskel\thesisskel\conclusion.aux)
(D:\THESIS\thesisskel\thesisskel\bib.aux))
LaTeX Font Info:    Checking defaults for OML/cmm/m/it on input line 24.
LaTeX Font Info:    ... okay on input line 24.
LaTeX Font Info:    Checking defaults for T1/cmr/m/n on input line 24.
LaTeX Font Info:    ... okay on input line 24.
LaTeX Font Info:    Checking defaults for OT1/cmr/m/n on input line 24.
LaTeX Font Info:    ... okay on input line 24.
LaTeX Font Info:    Checking defaults for OMS/cmsy/m/n on input line 24.
LaTeX Font Info:    ... okay on input line 24.
LaTeX Font Info:    Checking defaults for OMX/cmex/m/n on input line 24.
LaTeX Font Info:    ... okay on input line 24.
LaTeX Font Info:    Checking defaults for U/cmr/m/n on input line 24.
LaTeX Font Info:    ... okay on input line 24.


! LaTeX Error: There's no line here to end.

See the LaTeX manual or LaTeX Companion for explanation.
Type  H <return>  for immediate help.
 ...                                              
                                                  
l.25 \mstitlepage
                 
Your command was ignored.
Type  I <command> <return>  to replace it with another command,
or  <return>  to continue without it.


! LaTeX Error: There's no line here to end.

See the LaTeX manual or LaTeX Companion for explanation.
Type  H <return>  for immediate help.
 ...                                              
                                                  
l.25 \mstitlepage
                 
Your command was ignored.
Type  I <command> <return>  to replace it with another command,
or  <return>  to continue without it.


! LaTeX Error: There's no line here to end.

See the LaTeX manual or LaTeX Companion for explanation.
Type  H <return>  for immediate help.
 ...                                              
                                                  
l.25 \mstitlepage
                 
Your command was ignored.
Type  I <command> <return>  to replace it with another command,
or  <return>  to continue without it.


! LaTeX Error: There's no line here to end.

See the LaTeX manual or LaTeX Companion for explanation.
Type  H <return>  for immediate help.
 ...                                              
                                                  
l.25 \mstitlepage
                 
Your command was ignored.
Type  I <command> <return>  to replace it with another command,
or  <return>  to continue without it.

[1

] [1

]
No file publications.tex.
No file acknowledgements.tex.
No file abstract.tex.
(D:\THESIS\thesisskel\thesisskel\thesisskel.toc)
\tf@toc=\write3
 [2







]
(D:\THESIS\thesisskel\thesisskel\thesisskel.lof)
\tf@lof=\write4
 [3

]
(D:\THESIS\thesisskel\thesisskel\thesisskel.lot)
\tf@lot=\write5
 [4

]
No file chap1.tex.
No file chap2.tex.
No file conclusion.tex.
No file bib.tex.
(D:\THESIS\thesisskel\thesisskel\thesisskel.aux
(D:\THESIS\thesisskel\thesisskel\publications.aux)
(D:\THESIS\thesisskel\thesisskel\acknowledgements.aux)
(D:\THESIS\thesisskel\thesisskel\abstract.aux)
(D:\THESIS\thesisskel\thesisskel\chap1.aux)
(D:\THESIS\thesisskel\thesisskel\chap2.aux)
(D:\THESIS\thesisskel\thesisskel\conclusion.aux)
(D:\THESIS\thesisskel\thesisskel\bib.aux)) ) 
Here is how much of TeX's memory you used:
 836 strings out of 493922
 10834 string characters out of 3147291
 66660 words of memory out of 3000000
 4138 multiletter control sequences out of 15000+200000
 4843 words of font info for 18 fonts, out of 3000000 for 9000
 841 hyphenation exceptions out of 8191
 23i,4n,23p,200b,172s stack positions out of 5000i,500n,10000p,200000b,50000s

Output written on thesisskel.dvi (5 pages, 4332 bytes).
