This is pdfTeX, Version 3.1415926-2.4-1.40.13 (MiKTeX 2.9 64-bit) (preloaded format=pdflatex 2014.3.7)  27 APR 2015 00:26
entering extended mode
**Main*Document.tex
("D:\THESIS\Main Document.tex"
LaTeX2e <2011/06/27>
Babel <v3.8m> and hyphenation patterns for english, afrikaans, ancientgreek, ar
abic, armenian, assamese, basque, bengali, bokmal, bulgarian, catalan, coptic, 
croatian, czech, danish, dutch, esperanto, estonian, farsi, finnish, french, ga
lician, german, german-x-2012-05-30, greek, gujarati, hindi, hungarian, iceland
ic, indonesian, interlingua, irish, italian, kannada, kurmanji, latin, latvian,
 lithuanian, malayalam, marathi, mongolian, mongolianlmc, monogreek, ngerman, n
german-x-2012-05-30, nynorsk, oriya, panjabi, pinyin, polish, portuguese, roman
ian, russian, sanskrit, serbian, slovak, slovenian, spanish, swedish, swissgerm
an, tamil, telugu, turkish, turkmen, ukenglish, ukrainian, uppersorbian, usengl
ishmax, welsh, loaded.
("C:\Program Files\MiKTeX 2.9\tex\latex\base\latex209.def"
File: latex209.def 1998/05/13 v0.52 Standard LaTeX file


          Entering LaTeX 2.09 COMPATIBILITY MODE
 *************************************************************
    !!WARNING!!    !!WARNING!!    !!WARNING!!    !!WARNING!!   
 
 This mode attempts to provide an emulation of the LaTeX 2.09
 author environment so that OLD documents can be successfully
 processed. It should NOT be used for NEW documents!
 
 New documents should use Standard LaTeX conventions and start
 with the \documentclass command.
 
 Compatibility mode is UNLIKELY TO WORK with LaTeX 2.09 style
 files that change any internal macros, especially not with
 those that change the FONT SELECTION or OUTPUT ROUTINES.
 
 Therefore such style files MUST BE UPDATED to use
          Current Standard LaTeX: LaTeX2e.
 If you suspect that you may be using such a style file, which
 is probably very, very old by now, then you should attempt to
 get it updated by sending a copy of this error message to the
 author of that file.
 *************************************************************

\footheight=\dimen102
\@maxsep=\dimen103
\@dblmaxsep=\dimen104
\@cla=\count79
\@clb=\count80
\mscount=\count81
("C:\Program Files\MiKTeX 2.9\tex\latex\base\tracefnt.sty"
Package: tracefnt 1997/05/29 v3.0j Standard LaTeX package (font tracing)
\tracingfonts=\count82
LaTeX Info: Redefining \selectfont on input line 101.
)
\symbold=\mathgroup4
\symsans=\mathgroup5
\symtypewriter=\mathgroup6
\symitalic=\mathgroup7
\symsmallcaps=\mathgroup8
\symslanted=\mathgroup9
LaTeX Font Info:    Redeclaring math alphabet \mathbf on input line 293.
LaTeX Font Info:    Redeclaring math alphabet \mathsf on input line 294.
LaTeX Font Info:    Redeclaring math alphabet \mathtt on input line 295.
LaTeX Font Info:    Redeclaring math alphabet \mathit on input line 301.
LaTeX Info: Redefining \em on input line 311.

("C:\Program Files\MiKTeX 2.9\tex\latex\base\latexsym.sty"
Package: latexsym 1998/08/17 v2.2e Standard LaTeX package (lasy symbols)
\symlasy=\mathgroup10
LaTeX Font Info:    Overwriting symbol font `lasy' in version `bold'
(Font)                  U/lasy/m/n --> U/lasy/b/n on input line 47.
)
LaTeX Font Info:    Redeclaring math delimiter \lgroup on input line 375.
LaTeX Font Info:    Redeclaring math delimiter \rgroup on input line 377.
LaTeX Font Info:    Redeclaring math delimiter \bracevert on input line 379.
)
Compatibility mode: loading ./styleDocs/poly3.sty rather than ./styleDocs/poly3
.cls.

(D:\THESIS\styleDocs\poly3.sty
Document Style 'eethesis', version 1.0, Released 16 May 1986
(D:\THESIS\styleDocs\eecommands.sty)
\descriptionmargin=\dimen105
\c@subequation=\count83
\c@part=\count84
\c@chapter=\count85
\c@section=\count86
\c@subsection=\count87
\c@subsubsection=\count88
\c@paragraph=\count89
\c@subparagraph=\count90
\c@figure=\count91
\c@table=\count92
)
("C:\Program Files\MiKTeX 2.9\tex\latex\eepic\epic.sty"
Enhancements to Picture Environment. Version 1.2 - Released June 1, 1986
\@@multicnt=\count93
\d@lta=\count94
\@delta=\dimen106
\@@delta=\dimen107
\@gridcnt=\count95
\@joinkind=\count96
\@dotgap=\dimen108
\@ddotgap=\dimen109
\@x@diff=\count97
\@y@diff=\count98
\x@diff=\dimen110
\y@diff=\dimen111
\@dotbox=\box26
\num@segments=\count99
\num@segmentsi=\count100
\@datafile=\read1
) ("C:\Program Files\MiKTeX 2.9\tex\latex\eepic\eepic.sty"
Extension to Epic and LaTeX. Version 1.1e - Released Dec 21, 1999
\@gphlinewidth=\count101
\@eepictcnt=\count102
\@tempdimc=\dimen112
\maxovaldiam=\dimen113
\@filltype=\box27
) ("C:\Program Files\MiKTeX 2.9\tex\latex\graphics\graphicx.sty"
Package: graphicx 1999/02/16 v1.0f Enhanced LaTeX Graphics (DPC,SPQR)

("C:\Program Files\MiKTeX 2.9\tex\latex\graphics\keyval.sty"
Package: keyval 1999/03/16 v1.13 key=value parser (DPC)
\KV@toks@=\toks14
)
("C:\Program Files\MiKTeX 2.9\tex\latex\graphics\graphics.sty"
Package: graphics 2009/02/05 v1.0o Standard LaTeX Graphics (DPC,SPQR)

("C:\Program Files\MiKTeX 2.9\tex\latex\graphics\trig.sty"
Package: trig 1999/03/16 v1.09 sin cos tan (DPC)
)
("C:\Program Files\MiKTeX 2.9\tex\latex\00miktex\graphics.cfg"
File: graphics.cfg 2007/01/18 v1.5 graphics configuration of teTeX/TeXLive
)
Package graphics Info: Driver file: pdftex.def on input line 91.

("C:\Program Files\MiKTeX 2.9\tex\latex\pdftex-def\pdftex.def"
File: pdftex.def 2011/05/27 v0.06d Graphics/color for pdfTeX

("C:\Program Files\MiKTeX 2.9\tex\generic\oberdiek\infwarerr.sty"
Package: infwarerr 2010/04/08 v1.3 Providing info/warning/error messages (HO)
)
("C:\Program Files\MiKTeX 2.9\tex\generic\oberdiek\ltxcmds.sty"
Package: ltxcmds 2011/11/09 v1.22 LaTeX kernel commands for general use (HO)
)
\Gread@gobject=\count103
))
\Gin@req@height=\dimen114
\Gin@req@width=\dimen115
)
("C:\Program Files\MiKTeX 2.9\tex\latex\cite\cite.sty"
LaTeX Info: Redefining \cite on input line 302.
LaTeX Info: Redefining \nocite on input line 373.
Package: cite 2010/09/10  v 5.3
)
("C:\Program Files\MiKTeX 2.9\tex\latex\amsmath\amsmath.sty"
Package: amsmath 2013/01/14 v2.14 AMS math features
\@mathmargin=\skip41

For additional information on amsmath, use the `?' option.
("C:\Program Files\MiKTeX 2.9\tex\latex\amsmath\amstext.sty"
Package: amstext 2000/06/29 v2.01

("C:\Program Files\MiKTeX 2.9\tex\latex\amsmath\amsgen.sty"
File: amsgen.sty 1999/11/30 v2.0
\@emptytoks=\toks15
\ex@=\dimen116
))
("C:\Program Files\MiKTeX 2.9\tex\latex\amsmath\amsbsy.sty"
Package: amsbsy 1999/11/29 v1.2d
\pmbraise@=\dimen117
)
("C:\Program Files\MiKTeX 2.9\tex\latex\amsmath\amsopn.sty"
Package: amsopn 1999/12/14 v2.01 operator names
)
\inf@bad=\count104
LaTeX Info: Redefining \frac on input line 210.
\uproot@=\count105
\leftroot@=\count106
LaTeX Info: Redefining \overline on input line 306.
\classnum@=\count107
\DOTSCASE@=\count108
LaTeX Info: Redefining \ldots on input line 378.
LaTeX Info: Redefining \dots on input line 381.
LaTeX Info: Redefining \cdots on input line 466.
\Mathstrutbox@=\box28
\strutbox@=\box29
\big@size=\dimen118
LaTeX Font Info:    Redeclaring font encoding OML on input line 566.
LaTeX Font Info:    Redeclaring font encoding OMS on input line 567.
\macc@depth=\count109
\c@MaxMatrixCols=\count110
\dotsspace@=\muskip10
\c@parentequation=\count111
\dspbrk@lvl=\count112
\tag@help=\toks16
\row@=\count113
\column@=\count114
\maxfields@=\count115
\andhelp@=\toks17
\eqnshift@=\dimen119
\alignsep@=\dimen120
\tagshift@=\dimen121
\tagwidth@=\dimen122
\totwidth@=\dimen123
\lineht@=\dimen124
\@envbody=\toks18
\multlinegap=\skip42
\multlinetaggap=\skip43
\mathdisplay@stack=\toks19
LaTeX Info: Redefining \[ on input line 2665.
LaTeX Info: Redefining \] on input line 2666.
)
("C:\Program Files\MiKTeX 2.9\tex\latex\caption\caption.sty"
Package: caption 2013/05/02 v3.3-89 Customizing captions (AR)

("C:\Program Files\MiKTeX 2.9\tex\latex\caption\caption3.sty"
Package: caption3 2013/05/02 v1.6-88 caption3 kernel (AR)
Package caption3 Info: TeX engine: e-TeX on input line 57.
\captionmargin=\dimen125
\captionmargin@=\dimen126
\captionwidth=\dimen127
\caption@tempdima=\dimen128
\caption@indent=\dimen129
\caption@parindent=\dimen130
\caption@hangindent=\dimen131
\abovecaptionskip=\skip44
\belowcaptionskip=\skip45
Package caption Info: Unknown document class (or package),
(caption)             standard defaults will be used.
)

Package caption Warning: Unsupported document class (or package) detected,
(caption)                usage of the caption package is not recommended.
See the caption package documentation for explanation.

Package caption Info: \@makecaption = \long macro:#1#2-> \vskip 10pt \setbox \@
tempboxa \hbox {#1: #2} \ifdim \wd \@tempboxa >\hsize #1: \small \renewcommand 
{\baselinestretch }{1}\normalsize \centering #2 \par \else \hbox to\hsize {\hfi
l \box \@tempboxa \hfil } \fi .
\c@ContinuedFloat=\count116
) ("C:\Program Files\MiKTeX 2.9\tex\latex\caption\subcaption.sty"
Package: subcaption 2013/02/03 v1.1-62 Sub-captions (AR)
\c@subfigure=\count117
\c@subtable=\count118
)
("C:\Program Files\MiKTeX 2.9\tex\latex\algorithms\algorithm.sty"
Package: algorithm 2009/08/24 v0.1 Document Style `algorithm' - floating enviro
nment

("C:\Program Files\MiKTeX 2.9\tex\latex\float\float.sty"
Package: float 2001/11/08 v1.3d Float enhancements (AL)
\c@float@type=\count119
\float@exts=\toks20
\float@box=\box30
\@float@everytoks=\toks21
\@floatcapt=\box31
)
("C:\Program Files\MiKTeX 2.9\tex\latex\base\ifthen.sty"
Package: ifthen 2001/05/26 v1.1c Standard LaTeX ifthen package (DPC)
)
\@float@every@algorithm=\toks22
\c@algorithm=\count120
)
("C:\Program Files\MiKTeX 2.9\tex\latex\algorithmicx\algorithmicx.sty"
Package: algorithmicx 2005/04/27 v1.2 Algorithmicx

Document Style algorithmicx 1.2 - a greatly improved `algorithmic' style
\c@ALG@line=\count121
\c@ALG@rem=\count122
\c@ALG@nested=\count123
\ALG@tlm=\skip46
\ALG@thistlm=\skip47
\c@ALG@Lnr=\count124
\c@ALG@blocknr=\count125
\c@ALG@storecount=\count126
\c@ALG@tmpcounter=\count127
\ALG@tmplength=\skip48
) ("C:\Program Files\MiKTeX 2.9\tex\latex\algorithmicx\algpseudocode.sty"
Package: algpseudocode 

Document Style - pseudocode environments for use with the `algorithmicx' style
) ("C:\Program Files\MiKTeX 2.9\tex\generic\epsf\epsf.tex"
This is `epsf.tex' v2.7.4 <14 February 2011>
\epsffilein=\read2
\epsfframemargin=\dimen132
\epsfframethickness=\dimen133
\epsfrsize=\dimen134
\epsftmp=\dimen135
\epsftsize=\dimen136
\epsfxsize=\dimen137
\epsfysize=\dimen138
\pspoints=\dimen139
)
\c@theorem=\count128
\c@definition=\count129
\c@lemma=\count130
\c@remark=\count131
\c@example=\count132
\c@assumption=\count133
 ("D:\THESIS\Main Document.aux" (D:\THESIS\Roman\publications.aux)
(D:\THESIS\Roman\acknowledgements.aux) (D:\THESIS\Chapters\Introduction.aux)
(D:\THESIS\Chapters\SLAM.aux) (D:\THESIS\Chapters\Platform.aux)
(D:\THESIS\Chapters\Encoder.aux) (D:\THESIS\Chapters\Spike.aux)
(D:\THESIS\Chapters\Ransac.aux) (D:\THESIS\Chapters\Hough.aux)
(D:\THESIS\Chapters\Visual.aux) (D:\THESIS\Chapters\Conclusion.aux))
LaTeX Font Info:    Checking defaults for OML/cmm/m/it on input line 25.
LaTeX Font Info:    ... okay on input line 25.
LaTeX Font Info:    Checking defaults for T1/cmr/m/n on input line 25.
LaTeX Font Info:    ... okay on input line 25.
LaTeX Font Info:    Checking defaults for OT1/cmr/m/n on input line 25.
LaTeX Font Info:    ... okay on input line 25.
LaTeX Font Info:    Checking defaults for OMS/cmsy/m/n on input line 25.
LaTeX Font Info:    ... okay on input line 25.
LaTeX Font Info:    Checking defaults for OMX/cmex/m/n on input line 25.
LaTeX Font Info:    ... okay on input line 25.
LaTeX Font Info:    Checking defaults for U/cmr/m/n on input line 25.
LaTeX Font Info:    ... okay on input line 25.

("C:\Program Files\MiKTeX 2.9\tex\context\base\supp-pdf.mkii"
[Loading MPS to PDF converter (version 2006.09.02).]
\scratchcounter=\count134
\scratchdimen=\dimen140
\scratchbox=\box32
\nofMPsegments=\count135
\nofMParguments=\count136
\everyMPshowfont=\toks23
\MPscratchCnt=\count137
\MPscratchDim=\dimen141
\MPnumerator=\count138
\makeMPintoPDFobject=\count139
\everyMPtoPDFconversion=\toks24
)
Package caption Info: Begin \AtBeginDocument code.
Package caption Info: float package is loaded.
Package caption Info: End \AtBeginDocument code.
 [1


{C:/ProgramData/MiKTeX/2.9/pdftex/config/pdftex.map}]
No file ./Roman/publications.tex.
No file ./Roman/acknowledgements.tex.
("D:\THESIS\Main Document.toc"
LaTeX Font Info:    Try loading font information for U+lasy on input line 6.

("C:\Program Files\MiKTeX 2.9\tex\latex\base\ulasy.fd"
File: ulasy.fd 1998/08/17 v2.2e LaTeX symbol font definitions
) [2





])
\tf@toc=\write3
 [3]
("D:\THESIS\Main Document.lof")
\tf@lof=\write4
 [4

] ("D:\THESIS\Main Document.lot")
\tf@lot=\write5
 [5

]
(D:\THESIS\Chapters\Introduction.tex
CHAPTER 1
[1


]) [2] (D:\THESIS\Chapters\SLAM.tex
CHAPTER 2
[3



] [4] [5] [6]) [7] (D:\THESIS\Chapters\Platform.tex
CHAPTER 3
) [8



] [9] (D:\THESIS\Chapters\Encoder.tex
CHAPTER 4
<./Images/Encoder/differential_turning.jpg, id=54, 251.0178pt x 245.2362pt>
File: ./Images/Encoder/differential_turning.jpg Graphic file (type jpg)

<use ./Images/Encoder/differential_turning.jpg>
Package pdftex.def Info: ./Images/Encoder/differential_turning.jpg used on inpu
t line 33.
(pdftex.def)             Requested size: 130.0857pt x 195.13023pt.
 [10



] [11 <D:/THESIS/Images/Encoder/differential_turning.jpg>] [12]) [13] (D:\THESI
S\Chapters\Spike.tex
CHAPTER 5
<./Images/Spike/3d_vrep.jpg, id=69, 407.27156pt x 317.68687pt>
File: ./Images/Spike/3d_vrep.jpg Graphic file (type jpg)

<use ./Images/Spike/3d_vrep.jpg>
Package pdftex.def Info: ./Images/Spike/3d_vrep.jpg used on input line 13.
(pdftex.def)             Requested size: 130.08731pt x 101.47281pt.

<./Images/Spike/arena_vrep.jpg, id=70, 264.99pt x 265.74281pt>
File: ./Images/Spike/arena_vrep.jpg Graphic file (type jpg)

<use ./Images/Spike/arena_vrep.jpg>
Package pdftex.def Info: ./Images/Spike/arena_vrep.jpg used on input line 20.
(pdftex.def)             Requested size: 130.08731pt x 130.4584pt.

<./Images/Spike/Vrep_plot.png, id=71, 1156.32pt x 1011.78pt>
File: ./Images/Spike/Vrep_plot.png Graphic file (type png)

<use ./Images/Spike/Vrep_plot.png>
Package pdftex.def Info: ./Images/Spike/Vrep_plot.png used on input line 33.
(pdftex.def)             Requested size: 208.13574pt x 182.11253pt.

<./Images/Spike/Vrep_cylinders.png, id=73, 1156.32pt x 1011.78pt>
File: ./Images/Spike/Vrep_cylinders.png Graphic file (type png)

<use ./Images/Spike/Vrep_cylinders.png>
Package pdftex.def Info: ./Images/Spike/Vrep_cylinders.png used on input line 4
7.
(pdftex.def)             Requested size: 208.13574pt x 182.11253pt.
 [14



 <D:/THESIS/Images/Spike/3d_vrep.jpg> <D:/THESIS/Images/Spike/arena_vrep.jpg>] 
[15 <D:/THESIS/Images/Spike/Vrep_plot.png> <D:/THESIS/Images/Spike/Vrep_cylinde
rs.png>] [16] [17]) [18]
(D:\THESIS\Chapters\Ransac.tex
CHAPTER 6
[19



] [20] <./Images/Ransac/normal_form.png, id=101, 268.00125pt x 244.915pt>
File: ./Images/Ransac/normal_form.png Graphic file (type png)

<use ./Images/Ransac/normal_form.png>
Package pdftex.def Info: ./Images/Ransac/normal_form.png used on input line 55.

(pdftex.def)             Requested size: 130.08731pt x 118.88078pt.

<./Images/Ransac/wall_to_world.png, id=102, 584.93532pt x 514.17094pt>
File: ./Images/Ransac/wall_to_world.png Graphic file (type png)

<use ./Images/Ransac/wall_to_world.png>
Package pdftex.def Info: ./Images/Ransac/wall_to_world.png used on input line 6
3.
(pdftex.def)             Requested size: 130.08731pt x 114.34972pt.
 [21 <D:/THESIS/Images/Ransac/normal_form.png> <D:/THESIS/Images/Ransac/wall_to
_world.png>] [22]) [23]
(D:\THESIS\Chapters\Hough.tex
CHAPTER 7
) [24



] (D:\THESIS\Chapters\Visual.tex
CHAPTER 8
) [25



] (D:\THESIS\Chapters\Conclusion.tex
CHAPTER 9
) [26



] ("D:\THESIS\Main Document.bbl") [27

] ("D:\THESIS\Main Document.aux"
(D:\THESIS\Roman\publications.aux) (D:\THESIS\Roman\acknowledgements.aux)
(D:\THESIS\Chapters\Introduction.aux) (D:\THESIS\Chapters\SLAM.aux)
(D:\THESIS\Chapters\Platform.aux) (D:\THESIS\Chapters\Encoder.aux)
(D:\THESIS\Chapters\Spike.aux) (D:\THESIS\Chapters\Ransac.aux)
(D:\THESIS\Chapters\Hough.aux) (D:\THESIS\Chapters\Visual.aux)
(D:\THESIS\Chapters\Conclusion.aux)) ) 
Here is how much of TeX's memory you used:
 4146 strings out of 493921
 60501 string characters out of 3147268
 135613 words of memory out of 3000000
 7290 multiletter control sequences out of 15000+200000
 13015 words of font info for 48 fonts, out of 3000000 for 9000
 841 hyphenation exceptions out of 8191
 38i,9n,39p,1331b,410s stack positions out of 5000i,500n,10000p,200000b,50000s
<C:/Program Files/MiKTeX 2.9/fonts/type1/
public/amsfonts/cm/cmbx12.pfb><C:/Program Files/MiKTeX 2.9/fonts/type1/public/a
msfonts/cm/cmex10.pfb><C:/Program Files/MiKTeX 2.9/fonts/type1/public/amsfonts/
cm/cmmi12.pfb><C:/Program Files/MiKTeX 2.9/fonts/type1/public/amsfonts/cm/cmmi6
.pfb><C:/Program Files/MiKTeX 2.9/fonts/type1/public/amsfonts/cm/cmmi8.pfb><C:/
Program Files/MiKTeX 2.9/fonts/type1/public/amsfonts/cm/cmr10.pfb><C:/Program F
iles/MiKTeX 2.9/fonts/type1/public/amsfonts/cm/cmr12.pfb><C:/Program Files/MiKT
eX 2.9/fonts/type1/public/amsfonts/cm/cmr6.pfb><C:/Program Files/MiKTeX 2.9/fon
ts/type1/public/amsfonts/cm/cmr8.pfb><C:/Program Files/MiKTeX 2.9/fonts/type1/p
ublic/amsfonts/cm/cmsy10.pfb><C:/Program Files/MiKTeX 2.9/fonts/type1/public/am
sfonts/cm/cmsy8.pfb><C:/Program Files/MiKTeX 2.9/fonts/type1/public/amsfonts/cm
/cmti12.pfb>
Output written on "Main Document.pdf" (32 pages, 474272 bytes).
PDF statistics:
 164 PDF objects out of 1000 (max. 8388607)
 0 named destinations out of 1000 (max. 500000)
 36 words of extra memory for PDF output out of 10000 (max. 10000000)

